{"level":"info","message":"GET / 404 10ms","timestamp":"2018-04-16T00:31:52.974Z"}
{"level":"info","message":"GET /favicon.ico 404 1ms","timestamp":"2018-04-16T00:31:53.203Z"}
{"level":"info","message":"GET / 404 172ms","timestamp":"2018-04-16T00:34:16.999Z"}
{"level":"info","message":"GET / 404 25ms","timestamp":"2018-04-16T00:34:54.657Z"}
{"level":"info","message":"GET / 404 20ms","timestamp":"2018-04-16T00:34:57.120Z"}
{"level":"info","message":"GET / 404 16ms","timestamp":"2018-04-16T00:34:57.607Z"}
{"level":"info","message":"GET / 200 17ms","timestamp":"2018-04-16T00:35:54.614Z"}
{"level":"info","message":"GET /static/css/main.39e45032.css 200 8ms","timestamp":"2018-04-16T00:35:54.677Z"}
{"level":"info","message":"GET /static/js/main.7d696781.js 200 32ms","timestamp":"2018-04-16T00:35:54.703Z"}
{"level":"info","message":"GET /one.jpg 200 50ms","timestamp":"2018-04-16T00:35:55.272Z"}
{"level":"info","message":"GET /title.jpg 200 74ms","timestamp":"2018-04-16T00:35:55.296Z"}
{"level":"info","message":"GET /service-worker.js 200 6ms","timestamp":"2018-04-16T00:35:55.539Z"}
{"level":"info","message":"GET /service-worker.js 200 3ms","timestamp":"2018-04-16T00:35:55.565Z"}
{"level":"info","message":"GET /static/css/main.39e45032.css 304 3ms","timestamp":"2018-04-16T00:35:55.624Z"}
{"level":"info","message":"GET /index.html?_sw-precache=4da821ad9dbfd8aa892311a1a159a734 200 17ms","timestamp":"2018-04-16T00:35:55.637Z"}
{"level":"info","message":"GET /static/js/main.7d696781.js 304 8ms","timestamp":"2018-04-16T00:35:55.641Z"}
{"level":"info","message":"GET /static/media/slick.b7c9e1e4.woff 200 14ms","timestamp":"2018-04-16T00:35:55.648Z"}
{"level":"info","message":"GET /static/media/slick.f97e3bbf.svg 200 21ms","timestamp":"2018-04-16T00:35:55.655Z"}
{"level":"info","message":"GET /static/media/slick.ced611da.eot 200 25ms","timestamp":"2018-04-16T00:35:55.663Z"}
{"level":"info","message":"GET /static/media/slick.d41f55a7.ttf 200 34ms","timestamp":"2018-04-16T00:35:55.669Z"}
{"level":"info","message":"GET /static/media/slick.b7c9e1e4.woff 304 1ms","timestamp":"2018-04-16T00:35:57.304Z"}
{"level":"info","message":"GET /one.jpg 304 1ms","timestamp":"2018-04-16T00:35:57.368Z"}
{"level":"info","message":"GET /title.jpg 304 8ms","timestamp":"2018-04-16T00:35:57.378Z"}
{"level":"info","message":"GET /two.jpg 200 29ms","timestamp":"2018-04-16T00:35:57.396Z"}
